2026-05-21 15:29:33  INFO      ==================================================
2026-05-21 15:29:33  INFO       RUNNING MOROCCAN REAL ESTATE ML REGRESSION
2026-05-21 15:29:33  INFO      ==================================================
2026-05-21 15:29:33  INFO      
--- STEP 1: DATA EXTRACTION ---
2026-05-21 15:29:33  INFO      [extraction] Connecting to fetch fresh OBT data...
2026-05-21 15:29:33  ERROR     [extraction] Database connection failed: connection to server at "localhost" (::1), port 5432 failed: fe_sendauth: no password supplied

2026-05-21 15:29:33  WARNING   Database unavailable (connection to server at "localhost" (::1), port 5432 failed: fe_sendauth: no password supplied
). Using local raw fallback CSV.
2026-05-21 15:29:33  ERROR     No local backup data found. Stopping pipeline.
2026-05-21 15:30:55  INFO      ==================================================
2026-05-21 15:30:55  INFO       RUNNING MOROCCAN REAL ESTATE ML REGRESSION
2026-05-21 15:30:55  INFO      ==================================================
2026-05-21 15:30:55  INFO      
--- STEP 1: DATA EXTRACTION ---
2026-05-21 15:30:55  INFO      [extraction] Connecting to fetch fresh OBT data...
2026-05-21 15:30:55  WARNING   Database unavailable (ERREUR:  la relation « ml_schema.obt_annonces » n'existe pas
LINE 1: SELECT * FROM ml_schema.obt_annonces;
                      ^
). Using local raw fallback CSV.
2026-05-21 15:30:55  ERROR     No local backup data found. Stopping pipeline.
2026-05-21 15:32:36  INFO      ==================================================
2026-05-21 15:32:36  INFO       RUNNING MOROCCAN REAL ESTATE ML REGRESSION
2026-05-21 15:32:36  INFO      ==================================================
2026-05-21 15:32:36  INFO      
--- STEP 1: DATA EXTRACTION ---
2026-05-21 15:32:36  INFO      [extraction] Connecting to fetch fresh OBT data...
2026-05-21 15:32:36  INFO      [extraction] Extracted 319 rows successfully.
2026-05-21 15:32:36  INFO      [extraction] Snapshot saved to data/raw/obt_raw.csv
2026-05-21 15:32:36  INFO      
--- STEP 2: PREPROCESSING ---
2026-05-21 15:32:36  INFO      [preprocessing] === Starting Preprocessing ===
2026-05-21 15:35:41  INFO      ==================================================
2026-05-21 15:35:41  INFO       RUNNING MOROCCAN REAL ESTATE ML REGRESSION
2026-05-21 15:35:41  INFO      ==================================================
2026-05-21 15:35:41  INFO      
--- STEP 1: DATA EXTRACTION ---
2026-05-21 15:35:41  INFO      [extraction] Connecting to fetch fresh OBT data...
2026-05-21 15:35:41  INFO      [extraction] Extracted 319 rows successfully from database.
2026-05-21 15:35:41  INFO      [extraction] Snapshot saved to data/raw/obt_raw.csv
2026-05-21 15:35:41  INFO      
--- STEP 2: PREPROCESSING ---
2026-05-21 15:35:41  INFO      [preprocessing] === Starting Preprocessing ===
2026-05-21 15:35:41  INFO      [preprocessing] Preprocessing and base splits completed.
2026-05-21 15:35:41  INFO      
--- STEP 3: FEATURE ENGINEERING ---
2026-05-21 15:35:41  INFO      [feature_engineering] === Generating Advanced Features ===
2026-05-21 15:35:41  INFO      [feature_engineering] Engineering complete. Features shape: (255, 9)
2026-05-21 15:35:41  INFO      
--- STEP 4: MODEL TRAINING ---
2026-05-21 15:35:41  INFO      [training] === Starting Regression Model Training ===
2026-05-21 15:35:41  INFO      [training] Fitting RandomForestRegressor model...
2026-05-21 15:35:41  INFO      [training] Regression pipeline items saved successfully.
2026-05-21 15:35:41  INFO      ==================================================
2026-05-21 15:35:41  INFO       Pipeline execution completed successfully with new CSV schema!
2026-05-21 15:35:41  INFO      ==================================================
